1734394581.958189 client started (11152): version 3.4, socket /tmp/tmux-1000/default, protocol 8
1734394581.958209 on Linux 6.8.0-1019-aws #21-Ubuntu SMP Wed Nov  6 21:21:49 UTC 2024
1734394581.958212 using libevent 2.1.12-stable poll
1734394581.958214 using ncurses 6.4 20240113
1734394581.958230 flags are 0x18010000
1734394581.958239 socket is /tmp/tmux-1000/default
1734394581.958248 trying connect
1734394581.958260 connect failed: Connection refused
1734394581.958265 lock file is /tmp/tmux-1000/default.lock
1734394581.958975 flock succeeded
1734394581.958982 got lock (6)
1734394581.958989 trying connect
1734394581.958997 connect failed: Connection refused
1734394581.959205 add peer 0x5960d9b98f40: 7 ((nil))
1734394581.959489 sending message 100 to peer 0x5960d9b98f40 (4 bytes)
1734394581.959493 sending message 111 to peer 0x5960d9b98f40 (8 bytes)
1734394581.959495 sending message 101 to peer 0x5960d9b98f40 (15 bytes)
1734394581.959497 sending message 109 to peer 0x5960d9b98f40 (4 bytes)
1734394581.959500 sending message 102 to peer 0x5960d9b98f40 (11 bytes)
1734394581.959502 sending message 108 to peer 0x5960d9b98f40 (36 bytes)
1734394581.959504 sending message 112 to peer 0x5960d9b98f40 (58 bytes)
1734394581.959506 sending message 112 to peer 0x5960d9b98f40 (5 bytes)
1734394581.959508 sending message 112 to peer 0x5960d9b98f40 (5 bytes)
1734394581.959510 sending message 112 to peer 0x5960d9b98f40 (6 bytes)
1734394581.959512 sending message 112 to peer 0x5960d9b98f40 (6 bytes)
1734394581.959514 sending message 112 to peer 0x5960d9b98f40 (11 bytes)
1734394581.959516 sending message 112 to peer 0x5960d9b98f40 (10 bytes)
1734394581.959518 sending message 112 to peer 0x5960d9b98f40 (13 bytes)
1734394581.959520 sending message 112 to peer 0x5960d9b98f40 (14 bytes)
1734394581.959522 sending message 112 to peer 0x5960d9b98f40 (19 bytes)
1734394581.959524 sending message 112 to peer 0x5960d9b98f40 (11 bytes)
1734394581.959526 sending message 112 to peer 0x5960d9b98f40 (10 bytes)
1734394581.959528 sending message 112 to peer 0x5960d9b98f40 (15 bytes)
1734394581.959530 sending message 112 to peer 0x5960d9b98f40 (21 bytes)
1734394581.959532 sending message 112 to peer 0x5960d9b98f40 (13 bytes)
1734394581.959534 sending message 112 to peer 0x5960d9b98f40 (7 bytes)
1734394581.959536 sending message 112 to peer 0x5960d9b98f40 (13 bytes)
1734394581.959538 sending message 112 to peer 0x5960d9b98f40 (7 bytes)
1734394581.959540 sending message 112 to peer 0x5960d9b98f40 (13 bytes)
1734394581.959542 sending message 112 to peer 0x5960d9b98f40 (9 bytes)
1734394581.959544 sending message 112 to peer 0x5960d9b98f40 (21 bytes)
1734394581.959546 sending message 112 to peer 0x5960d9b98f40 (13 bytes)
1734394581.959548 sending message 112 to peer 0x5960d9b98f40 (9 bytes)
1734394581.959550 sending message 112 to peer 0x5960d9b98f40 (16 bytes)
1734394581.959552 sending message 112 to peer 0x5960d9b98f40 (13 bytes)
1734394581.959554 sending message 112 to peer 0x5960d9b98f40 (9 bytes)
1734394581.959556 sending message 112 to peer 0x5960d9b98f40 (9 bytes)
1734394581.959558 sending message 112 to peer 0x5960d9b98f40 (12 bytes)
1734394581.959560 sending message 112 to peer 0x5960d9b98f40 (8 bytes)
1734394581.959562 sending message 112 to peer 0x5960d9b98f40 (8 bytes)
1734394581.959564 sending message 112 to peer 0x5960d9b98f40 (13 bytes)
1734394581.959566 sending message 112 to peer 0x5960d9b98f40 (7 bytes)
1734394581.959568 sending message 112 to peer 0x5960d9b98f40 (7 bytes)
1734394581.959570 sending message 112 to peer 0x5960d9b98f40 (9 bytes)
1734394581.959572 sending message 112 to peer 0x5960d9b98f40 (9 bytes)
1734394581.959574 sending message 112 to peer 0x5960d9b98f40 (15 bytes)
1734394581.959576 sending message 112 to peer 0x5960d9b98f40 (13 bytes)
1734394581.959578 sending message 112 to peer 0x5960d9b98f40 (12 bytes)
1734394581.959580 sending message 112 to peer 0x5960d9b98f40 (8 bytes)
1734394581.959582 sending message 112 to peer 0x5960d9b98f40 (14 bytes)
1734394581.959584 sending message 112 to peer 0x5960d9b98f40 (11 bytes)
1734394581.959586 sending message 112 to peer 0x5960d9b98f40 (9 bytes)
1734394581.959593 sending message 112 to peer 0x5960d9b98f40 (10 bytes)
1734394581.959595 sending message 112 to peer 0x5960d9b98f40 (10 bytes)
1734394581.959597 sending message 112 to peer 0x5960d9b98f40 (10 bytes)
1734394581.959599 sending message 112 to peer 0x5960d9b98f40 (10 bytes)
1734394581.959601 sending message 112 to peer 0x5960d9b98f40 (11 bytes)
1734394581.959603 sending message 112 to peer 0x5960d9b98f40 (12 bytes)
1734394581.959605 sending message 112 to peer 0x5960d9b98f40 (12 bytes)
1734394581.959607 sending message 112 to peer 0x5960d9b98f40 (12 bytes)
1734394581.959609 sending message 112 to peer 0x5960d9b98f40 (12 bytes)
1734394581.959611 sending message 112 to peer 0x5960d9b98f40 (12 bytes)
1734394581.959613 sending message 112 to peer 0x5960d9b98f40 (11 bytes)
1734394581.959615 sending message 112 to peer 0x5960d9b98f40 (11 bytes)
1734394581.959617 sending message 112 to peer 0x5960d9b98f40 (12 bytes)
1734394581.959619 sending message 112 to peer 0x5960d9b98f40 (12 bytes)
1734394581.959621 sending message 112 to peer 0x5960d9b98f40 (12 bytes)
1734394581.959623 sending message 112 to peer 0x5960d9b98f40 (12 bytes)
1734394581.959625 sending message 112 to peer 0x5960d9b98f40 (12 bytes)
1734394581.959627 sending message 112 to peer 0x5960d9b98f40 (9 bytes)
1734394581.959629 sending message 112 to peer 0x5960d9b98f40 (12 bytes)
1734394581.959631 sending message 112 to peer 0x5960d9b98f40 (13 bytes)
1734394581.959633 sending message 112 to peer 0x5960d9b98f40 (13 bytes)
1734394581.959634 sending message 112 to peer 0x5960d9b98f40 (13 bytes)
1734394581.959636 sending message 112 to peer 0x5960d9b98f40 (13 bytes)
1734394581.959638 sending message 112 to peer 0x5960d9b98f40 (13 bytes)
1734394581.959640 sending message 112 to peer 0x5960d9b98f40 (8 bytes)
1734394581.959642 sending message 112 to peer 0x5960d9b98f40 (11 bytes)
1734394581.959645 sending message 112 to peer 0x5960d9b98f40 (11 bytes)
1734394581.959647 sending message 112 to peer 0x5960d9b98f40 (11 bytes)
1734394581.959649 sending message 112 to peer 0x5960d9b98f40 (12 bytes)
1734394581.959651 sending message 112 to peer 0x5960d9b98f40 (12 bytes)
1734394581.959653 sending message 112 to peer 0x5960d9b98f40 (12 bytes)
1734394581.959654 sending message 112 to peer 0x5960d9b98f40 (12 bytes)
1734394581.959656 sending message 112 to peer 0x5960d9b98f40 (13 bytes)
1734394581.959658 sending message 112 to peer 0x5960d9b98f40 (13 bytes)
1734394581.959660 sending message 112 to peer 0x5960d9b98f40 (13 bytes)
1734394581.959662 sending message 112 to peer 0x5960d9b98f40 (8 bytes)
1734394581.959664 sending message 112 to peer 0x5960d9b98f40 (13 bytes)
1734394581.959666 sending message 112 to peer 0x5960d9b98f40 (13 bytes)
1734394581.959668 sending message 112 to peer 0x5960d9b98f40 (13 bytes)
1734394581.959670 sending message 112 to peer 0x5960d9b98f40 (13 bytes)
1734394581.959672 sending message 112 to peer 0x5960d9b98f40 (13 bytes)
1734394581.959674 sending message 112 to peer 0x5960d9b98f40 (12 bytes)
1734394581.959676 sending message 112 to peer 0x5960d9b98f40 (12 bytes)
1734394581.959678 sending message 112 to peer 0x5960d9b98f40 (12 bytes)
1734394581.959680 sending message 112 to peer 0x5960d9b98f40 (12 bytes)
1734394581.959682 sending message 112 to peer 0x5960d9b98f40 (13 bytes)
1734394581.959684 sending message 112 to peer 0x5960d9b98f40 (8 bytes)
1734394581.959686 sending message 112 to peer 0x5960d9b98f40 (13 bytes)
1734394581.959688 sending message 112 to peer 0x5960d9b98f40 (13 bytes)
1734394581.959690 sending message 112 to peer 0x5960d9b98f40 (13 bytes)
1734394581.959692 sending message 112 to peer 0x5960d9b98f40 (13 bytes)
1734394581.959694 sending message 112 to peer 0x5960d9b98f40 (13 bytes)
1734394581.959696 sending message 112 to peer 0x5960d9b98f40 (13 bytes)
1734394581.959698 sending message 112 to peer 0x5960d9b98f40 (13 bytes)
1734394581.959700 sending message 112 to peer 0x5960d9b98f40 (12 bytes)
1734394581.959702 sending message 112 to peer 0x5960d9b98f40 (12 bytes)
1734394581.959704 sending message 112 to peer 0x5960d9b98f40 (12 bytes)
1734394581.959708 sending message 112 to peer 0x5960d9b98f40 (8 bytes)
1734394581.959710 sending message 112 to peer 0x5960d9b98f40 (12 bytes)
1734394581.959712 sending message 112 to peer 0x5960d9b98f40 (13 bytes)
1734394581.959714 sending message 112 to peer 0x5960d9b98f40 (13 bytes)
1734394581.959716 sending message 112 to peer 0x5960d9b98f40 (13 bytes)
1734394581.959718 sending message 112 to peer 0x5960d9b98f40 (13 bytes)
1734394581.959720 sending message 112 to peer 0x5960d9b98f40 (13 bytes)
1734394581.959722 sending message 112 to peer 0x5960d9b98f40 (13 bytes)
1734394581.959724 sending message 112 to peer 0x5960d9b98f40 (13 bytes)
1734394581.961202 sending message 112 to peer 0x5960d9b98f40 (13 bytes)
1734394581.961207 sending message 112 to peer 0x5960d9b98f40 (12 bytes)
1734394581.961210 sending message 112 to peer 0x5960d9b98f40 (10 bytes)
1734394581.961212 sending message 112 to peer 0x5960d9b98f40 (12 bytes)
1734394581.961214 sending message 112 to peer 0x5960d9b98f40 (12 bytes)
1734394581.961216 sending message 112 to peer 0x5960d9b98f40 (12 bytes)
1734394581.961218 sending message 112 to peer 0x5960d9b98f40 (13 bytes)
1734394581.961220 sending message 112 to peer 0x5960d9b98f40 (13 bytes)
1734394581.961222 sending message 112 to peer 0x5960d9b98f40 (13 bytes)
1734394581.961224 sending message 112 to peer 0x5960d9b98f40 (13 bytes)
1734394581.961226 sending message 112 to peer 0x5960d9b98f40 (13 bytes)
1734394581.961228 sending message 112 to peer 0x5960d9b98f40 (13 bytes)
1734394581.961231 sending message 112 to peer 0x5960d9b98f40 (13 bytes)
1734394581.961233 sending message 112 to peer 0x5960d9b98f40 (10 bytes)
1734394581.961235 sending message 112 to peer 0x5960d9b98f40 (13 bytes)
1734394581.961237 sending message 112 to peer 0x5960d9b98f40 (12 bytes)
1734394581.961240 sending message 112 to peer 0x5960d9b98f40 (12 bytes)
1734394581.961242 sending message 112 to peer 0x5960d9b98f40 (12 bytes)
1734394581.961244 sending message 112 to peer 0x5960d9b98f40 (10 bytes)
1734394581.961246 sending message 112 to peer 0x5960d9b98f40 (10 bytes)
1734394581.961248 sending message 112 to peer 0x5960d9b98f40 (10 bytes)
1734394581.961250 sending message 112 to peer 0x5960d9b98f40 (12 bytes)
1734394581.961252 sending message 112 to peer 0x5960d9b98f40 (13 bytes)
1734394581.961254 sending message 112 to peer 0x5960d9b98f40 (13 bytes)
1734394581.961256 sending message 112 to peer 0x5960d9b98f40 (13 bytes)
1734394581.961258 sending message 112 to peer 0x5960d9b98f40 (13 bytes)
1734394581.961260 sending message 112 to peer 0x5960d9b98f40 (13 bytes)
1734394581.961262 sending message 112 to peer 0x5960d9b98f40 (10 bytes)
1734394581.961264 sending message 112 to peer 0x5960d9b98f40 (11 bytes)
1734394581.961266 sending message 112 to peer 0x5960d9b98f40 (12 bytes)
1734394581.961268 sending message 112 to peer 0x5960d9b98f40 (12 bytes)
1734394581.961271 sending message 112 to peer 0x5960d9b98f40 (12 bytes)
1734394581.961273 sending message 112 to peer 0x5960d9b98f40 (12 bytes)
1734394581.961275 sending message 112 to peer 0x5960d9b98f40 (12 bytes)
1734394581.961277 sending message 112 to peer 0x5960d9b98f40 (11 bytes)
1734394581.961279 sending message 112 to peer 0x5960d9b98f40 (12 bytes)
1734394581.961281 sending message 112 to peer 0x5960d9b98f40 (12 bytes)
1734394581.961283 sending message 112 to peer 0x5960d9b98f40 (13 bytes)
1734394581.961285 sending message 112 to peer 0x5960d9b98f40 (13 bytes)
1734394581.961287 sending message 112 to peer 0x5960d9b98f40 (13 bytes)
1734394581.961289 sending message 112 to peer 0x5960d9b98f40 (13 bytes)
1734394581.961291 sending message 112 to peer 0x5960d9b98f40 (13 bytes)
1734394581.961293 sending message 112 to peer 0x5960d9b98f40 (10 bytes)
1734394581.961295 sending message 112 to peer 0x5960d9b98f40 (9 bytes)
1734394581.961297 sending message 112 to peer 0x5960d9b98f40 (12 bytes)
1734394581.961299 sending message 112 to peer 0x5960d9b98f40 (13 bytes)
1734394581.961301 sending message 112 to peer 0x5960d9b98f40 (13 bytes)
1734394581.961303 sending message 112 to peer 0x5960d9b98f40 (13 bytes)
1734394581.961308 sending message 112 to peer 0x5960d9b98f40 (13 bytes)
1734394581.961310 sending message 112 to peer 0x5960d9b98f40 (13 bytes)
1734394581.961312 sending message 112 to peer 0x5960d9b98f40 (9 bytes)
1734394581.961314 sending message 112 to peer 0x5960d9b98f40 (12 bytes)
1734394581.961316 sending message 112 to peer 0x5960d9b98f40 (13 bytes)
1734394581.961318 sending message 112 to peer 0x5960d9b98f40 (13 bytes)
1734394581.961320 sending message 112 to peer 0x5960d9b98f40 (13 bytes)
1734394581.961322 sending message 112 to peer 0x5960d9b98f40 (13 bytes)
1734394581.961324 sending message 112 to peer 0x5960d9b98f40 (13 bytes)
1734394581.961326 sending message 112 to peer 0x5960d9b98f40 (11 bytes)
1734394581.961328 sending message 112 to peer 0x5960d9b98f40 (12 bytes)
1734394581.961330 sending message 112 to peer 0x5960d9b98f40 (13 bytes)
1734394581.961332 sending message 112 to peer 0x5960d9b98f40 (13 bytes)
1734394581.961334 sending message 112 to peer 0x5960d9b98f40 (13 bytes)
1734394581.961336 sending message 112 to peer 0x5960d9b98f40 (13 bytes)
1734394581.961338 sending message 112 to peer 0x5960d9b98f40 (13 bytes)
1734394581.961340 sending message 112 to peer 0x5960d9b98f40 (11 bytes)
1734394581.961342 sending message 112 to peer 0x5960d9b98f40 (12 bytes)
1734394581.961344 sending message 112 to peer 0x5960d9b98f40 (12 bytes)
1734394581.961346 sending message 112 to peer 0x5960d9b98f40 (12 bytes)
1734394581.961348 sending message 112 to peer 0x5960d9b98f40 (12 bytes)
1734394581.961350 sending message 112 to peer 0x5960d9b98f40 (12 bytes)
1734394581.961353 sending message 112 to peer 0x5960d9b98f40 (21 bytes)
1734394581.961355 sending message 112 to peer 0x5960d9b98f40 (12 bytes)
1734394581.961357 sending message 112 to peer 0x5960d9b98f40 (9 bytes)
1734394581.961359 sending message 112 to peer 0x5960d9b98f40 (6 bytes)
1734394581.961362 sending message 112 to peer 0x5960d9b98f40 (13 bytes)
1734394581.961364 sending message 112 to peer 0x5960d9b98f40 (10 bytes)
1734394581.961366 sending message 112 to peer 0x5960d9b98f40 (24 bytes)
1734394581.961368 sending message 112 to peer 0x5960d9b98f40 (13 bytes)
1734394581.961370 sending message 112 to peer 0x5960d9b98f40 (9 bytes)
1734394581.961372 sending message 112 to peer 0x5960d9b98f40 (70 bytes)
1734394581.961374 sending message 112 to peer 0x5960d9b98f40 (69 bytes)
1734394581.961376 sending message 112 to peer 0x5960d9b98f40 (12 bytes)
1734394581.961378 sending message 112 to peer 0x5960d9b98f40 (10 bytes)
1734394581.961380 sending message 112 to peer 0x5960d9b98f40 (10 bytes)
1734394581.961382 sending message 112 to peer 0x5960d9b98f40 (24 bytes)
1734394581.961385 sending message 112 to peer 0x5960d9b98f40 (13 bytes)
1734394581.961387 sending message 112 to peer 0x5960d9b98f40 (10 bytes)
1734394581.961389 sending message 112 to peer 0x5960d9b98f40 (10 bytes)
1734394581.961391 sending message 112 to peer 0x5960d9b98f40 (10 bytes)
1734394581.961393 sending message 112 to peer 0x5960d9b98f40 (13 bytes)
1734394581.961395 sending message 112 to peer 0x5960d9b98f40 (15 bytes)
1734394581.961397 sending message 112 to peer 0x5960d9b98f40 (5 bytes)
1734394581.961401 sending message 104 to peer 0x5960d9b98f40 (0 bytes)
1734394581.961403 sending message 110 to peer 0x5960d9b98f40 (0 bytes)
1734394581.961406 sending message 107 to peer 0x5960d9b98f40 (4 bytes)
1734394581.961408 sending message 105 to peer 0x5960d9b98f40 (16 bytes)
1734394581.961410 sending message 105 to peer 0x5960d9b98f40 (40 bytes)
1734394581.961412 sending message 105 to peer 0x5960d9b98f40 (15 bytes)
1734394581.961414 sending message 105 to peer 0x5960d9b98f40 (21 bytes)
1734394581.961417 sending message 105 to peer 0x5960d9b98f40 (18 bytes)
1734394581.961419 sending message 105 to peer 0x5960d9b98f40 (13 bytes)
1734394581.961421 sending message 105 to peer 0x5960d9b98f40 (1817 bytes)
1734394581.961434 sending message 105 to peer 0x5960d9b98f40 (51 bytes)
1734394581.961436 sending message 105 to peer 0x5960d9b98f40 (34 bytes)
1734394581.961438 sending message 105 to peer 0x5960d9b98f40 (23 bytes)
1734394581.961442 sending message 105 to peer 0x5960d9b98f40 (20 bytes)
1734394581.961444 sending message 105 to peer 0x5960d9b98f40 (32 bytes)
1734394581.961446 sending message 105 to peer 0x5960d9b98f40 (12 bytes)
1734394581.961448 sending message 105 to peer 0x5960d9b98f40 (8 bytes)
1734394581.961450 sending message 105 to peer 0x5960d9b98f40 (17 bytes)
1734394581.961452 sending message 105 to peer 0x5960d9b98f40 (31 bytes)
1734394581.961454 sending message 105 to peer 0x5960d9b98f40 (33 bytes)
1734394581.961456 sending message 105 to peer 0x5960d9b98f40 (65 bytes)
1734394581.961458 sending message 105 to peer 0x5960d9b98f40 (104 bytes)
1734394581.961461 sending message 105 to peer 0x5960d9b98f40 (54 bytes)
1734394581.961463 sending message 105 to peer 0x5960d9b98f40 (19 bytes)
1734394581.961465 sending message 105 to peer 0x5960d9b98f40 (16 bytes)
1734394581.961467 sending message 105 to peer 0x5960d9b98f40 (31 bytes)
1734394581.961469 sending message 106 to peer 0x5960d9b98f40 (0 bytes)
1734394581.961499 sending message 200 to peer 0x5960d9b98f40 (4 bytes)
1734394581.961501 client loop enter
1734394581.961513 client_signal: Child exited
1734394582.021937 peer 0x5960d9b98f40 message 207
1734394582.021946 sending message 208 to peer 0x5960d9b98f40 (0 bytes)
1734394600.746990 peer 0x5960d9b98f40 message 203
1734394600.746998 sending message 205 to peer 0x5960d9b98f40 (0 bytes)
1734394600.747246 peer 0x5960d9b98f40 message 204
1734394600.747250 client loop exit
